<?xml version="1.0" encoding="UTF-8"?>
<!-- Generated by org.testng.reporters.JUnitXMLReporter -->
<testsuite hostname="LAPTOP-R69EIENB" ignored="0" name="Free CRM App Home Test Cases" tests="3" failures="0" timestamp="18 Oct 2019 05:14:10 GMT" time="55.953" errors="0">
  <testcase name="loginPageTitleTest" time="0.118" classname="com.crm.qa.testCases.LoginPageTest"/>
  <testcase name="crmLogoImageTest" time="0.31" classname="com.crm.qa.testCases.LoginPageTest"/>
  <testcase name="loginTest" time="15.481" classname="com.crm.qa.testCases.LoginPageTest"/>
</testsuite> <!-- Free CRM App Home Test Cases -->
