<?xml version="1.0" encoding="UTF-8"?>
<!-- Generated by org.testng.reporters.JUnitXMLReporter -->
<testsuite hostname="LAPTOP-R69EIENB" ignored="0" name="Default test" tests="3" failures="0" timestamp="18 Oct 2019 04:26:37 GMT" time="169.998" errors="0">
  <testcase name="loginPageTitleTest" time="0.109" classname="com.crm.qa.testCases.LoginPageTest"/>
  <testcase name="crmLogoImageTest" time="0.38" classname="com.crm.qa.testCases.LoginPageTest"/>
  <testcase name="loginTest" time="14.936" classname="com.crm.qa.testCases.LoginPageTest"/>
</testsuite> <!-- Default test -->
