<?xml version="1.0" encoding="UTF-8"?>
<!-- Generated by org.testng.reporters.JUnitXMLReporter -->
<testsuite hostname="DESKTOP-SFMCHEU" ignored="0" name="Test" tests="3" failures="0" timestamp="29 Jun 2019 13:12:50 GMT" time="77.538" errors="0">
  <testcase name="loginPageTitleTest" time="0.164" classname="com.crm.qa.testCases.LoginPageTest"/>
  <testcase name="crmLogoImageTest" time="1.456" classname="com.crm.qa.testCases.LoginPageTest"/>
  <testcase name="loginTest" time="13.429" classname="com.crm.qa.testCases.LoginPageTest"/>
</testsuite> <!-- Test -->
