<?xml version="1.0" encoding="UTF-8"?>
<testng-results skipped="0" failed="0" ignored="0" total="3" passed="3">
  <reporter-output>
  </reporter-output>
  <suite name="Default suite" duration-ms="169998" started-at="2019-10-18T04:23:47Z" finished-at="2019-10-18T04:26:37Z">
    <groups>
    </groups>
    <test name="Default test" duration-ms="169998" started-at="2019-10-18T04:23:47Z" finished-at="2019-10-18T04:26:37Z">
      <class name="com.crm.qa.testCases.LoginPageTest">
        <test-method status="PASS" signature="setUp()[pri:0, instance:com.crm.qa.testCases.LoginPageTest@ad03239b]" name="setUp" is-config="true" duration-ms="42347" started-at="2019-10-18T04:23:47Z" finished-at="2019-10-18T04:24:29Z">
          <reporter-output>
          </reporter-output>
        </test-method> <!-- setUp -->
        <test-method status="PASS" signature="loginPageTitleTest()[pri:1, instance:com.crm.qa.testCases.LoginPageTest@ad03239b]" name="loginPageTitleTest" duration-ms="109" started-at="2019-10-18T04:24:29Z" finished-at="2019-10-18T04:24:29Z">
          <reporter-output>
          </reporter-output>
        </test-method> <!-- loginPageTitleTest -->
        <test-method status="PASS" signature="tearDown(org.testng.ITestResult)[pri:0, instance:com.crm.qa.testCases.LoginPageTest@ad03239b]" name="tearDown" is-config="true" duration-ms="866" started-at="2019-10-18T04:24:29Z" finished-at="2019-10-18T04:24:30Z">
          <params>
            <param index="0">
              <value>
                <![CDATA[[TestResult name=loginPageTitleTest status=SUCCESS method=LoginPageTest.loginPageTitleTest()[pri:1, instance:com.crm.qa.testCases.LoginPageTest@ad03239b] output={null}]]]>
              </value>
            </param>
          </params>
          <reporter-output>
          </reporter-output>
        </test-method> <!-- tearDown -->
        <test-method status="PASS" signature="setUp()[pri:0, instance:com.crm.qa.testCases.LoginPageTest@ad03239b]" name="setUp" is-config="true" duration-ms="92316" started-at="2019-10-18T04:24:30Z" finished-at="2019-10-18T04:26:02Z">
          <reporter-output>
          </reporter-output>
        </test-method> <!-- setUp -->
        <test-method status="PASS" signature="crmLogoImageTest()[pri:2, instance:com.crm.qa.testCases.LoginPageTest@ad03239b]" name="crmLogoImageTest" duration-ms="380" started-at="2019-10-18T04:26:02Z" finished-at="2019-10-18T04:26:03Z">
          <reporter-output>
          </reporter-output>
        </test-method> <!-- crmLogoImageTest -->
        <test-method status="PASS" signature="tearDown(org.testng.ITestResult)[pri:0, instance:com.crm.qa.testCases.LoginPageTest@ad03239b]" name="tearDown" is-config="true" duration-ms="758" started-at="2019-10-18T04:26:03Z" finished-at="2019-10-18T04:26:03Z">
          <params>
            <param index="0">
              <value>
                <![CDATA[[TestResult name=crmLogoImageTest status=SUCCESS method=LoginPageTest.crmLogoImageTest()[pri:2, instance:com.crm.qa.testCases.LoginPageTest@ad03239b] output={null}]]]>
              </value>
            </param>
          </params>
          <reporter-output>
          </reporter-output>
        </test-method> <!-- tearDown -->
        <test-method status="PASS" signature="setUp()[pri:0, instance:com.crm.qa.testCases.LoginPageTest@ad03239b]" name="setUp" is-config="true" duration-ms="16098" started-at="2019-10-18T04:26:05Z" finished-at="2019-10-18T04:26:21Z">
          <reporter-output>
          </reporter-output>
        </test-method> <!-- setUp -->
        <test-method status="PASS" signature="loginTest(java.lang.String, java.lang.String)[pri:3, instance:com.crm.qa.testCases.LoginPageTest@ad03239b]" name="loginTest" duration-ms="14936" started-at="2019-10-18T04:26:21Z" data-provider="getCRMTestData" finished-at="2019-10-18T04:26:36Z">
          <params>
            <param index="0">
              <value>
                <![CDATA[nagarajreballi626401]]>
              </value>
            </param>
            <param index="1">
              <value>
                <![CDATA[bluestar@57]]>
              </value>
            </param>
          </params>
          <reporter-output>
          </reporter-output>
        </test-method> <!-- loginTest -->
        <test-method status="PASS" signature="tearDown(org.testng.ITestResult)[pri:0, instance:com.crm.qa.testCases.LoginPageTest@ad03239b]" name="tearDown" is-config="true" duration-ms="792" started-at="2019-10-18T04:26:36Z" finished-at="2019-10-18T04:26:37Z">
          <params>
            <param index="0">
              <value>
                <![CDATA[[TestResult name=loginTest status=SUCCESS method=LoginPageTest.loginTest(java.lang.String, java.lang.String)[pri:3, instance:com.crm.qa.testCases.LoginPageTest@ad03239b] output={null}]]]>
              </value>
            </param>
          </params>
          <reporter-output>
          </reporter-output>
        </test-method> <!-- tearDown -->
      </class> <!-- com.crm.qa.testCases.LoginPageTest -->
    </test> <!-- Default test -->
  </suite> <!-- Default suite -->
</testng-results>
