<?xml version="1.0" encoding="UTF-8"?>
<testng-results skipped="0" failed="0" ignored="0" total="3" passed="3">
  <reporter-output>
  </reporter-output>
  <suite name="FREE CRM Application Home Test Automation Test Suite" duration-ms="55953" started-at="2019-10-18T05:13:14Z" finished-at="2019-10-18T05:14:10Z">
    <groups>
    </groups>
    <test name="Free CRM App Home Test Cases" duration-ms="55953" started-at="2019-10-18T05:13:14Z" finished-at="2019-10-18T05:14:10Z">
      <class name="com.crm.qa.testCases.LoginPageTest">
        <test-method status="PASS" signature="setUp()[pri:0, instance:com.crm.qa.testCases.LoginPageTest@5e053d07]" name="setUp" is-config="true" duration-ms="12976" started-at="2019-10-18T05:13:14Z" finished-at="2019-10-18T05:13:27Z">
          <reporter-output>
          </reporter-output>
        </test-method> <!-- setUp -->
        <test-method status="PASS" signature="loginPageTitleTest()[pri:1, instance:com.crm.qa.testCases.LoginPageTest@5e053d07]" name="loginPageTitleTest" duration-ms="118" started-at="2019-10-18T05:13:27Z" finished-at="2019-10-18T05:13:27Z">
          <reporter-output>
          </reporter-output>
        </test-method> <!-- loginPageTitleTest -->
        <test-method status="PASS" signature="tearDown(org.testng.ITestResult)[pri:0, instance:com.crm.qa.testCases.LoginPageTest@5e053d07]" name="tearDown" is-config="true" duration-ms="825" started-at="2019-10-18T05:13:27Z" finished-at="2019-10-18T05:13:28Z">
          <params>
            <param index="0">
              <value>
                <![CDATA[[TestResult name=loginPageTitleTest status=SUCCESS method=LoginPageTest.loginPageTitleTest()[pri:1, instance:com.crm.qa.testCases.LoginPageTest@5e053d07] output={null}]]]>
              </value>
            </param>
          </params>
          <reporter-output>
          </reporter-output>
        </test-method> <!-- tearDown -->
        <test-method status="PASS" signature="setUp()[pri:0, instance:com.crm.qa.testCases.LoginPageTest@5e053d07]" name="setUp" is-config="true" duration-ms="12092" started-at="2019-10-18T05:13:28Z" finished-at="2019-10-18T05:13:40Z">
          <reporter-output>
          </reporter-output>
        </test-method> <!-- setUp -->
        <test-method status="PASS" signature="crmLogoImageTest()[pri:2, instance:com.crm.qa.testCases.LoginPageTest@5e053d07]" name="crmLogoImageTest" duration-ms="310" started-at="2019-10-18T05:13:40Z" finished-at="2019-10-18T05:13:41Z">
          <reporter-output>
          </reporter-output>
        </test-method> <!-- crmLogoImageTest -->
        <test-method status="PASS" signature="tearDown(org.testng.ITestResult)[pri:0, instance:com.crm.qa.testCases.LoginPageTest@5e053d07]" name="tearDown" is-config="true" duration-ms="739" started-at="2019-10-18T05:13:41Z" finished-at="2019-10-18T05:13:41Z">
          <params>
            <param index="0">
              <value>
                <![CDATA[[TestResult name=crmLogoImageTest status=SUCCESS method=LoginPageTest.crmLogoImageTest()[pri:2, instance:com.crm.qa.testCases.LoginPageTest@5e053d07] output={null}]]]>
              </value>
            </param>
          </params>
          <reporter-output>
          </reporter-output>
        </test-method> <!-- tearDown -->
        <test-method status="PASS" signature="setUp()[pri:0, instance:com.crm.qa.testCases.LoginPageTest@5e053d07]" name="setUp" is-config="true" duration-ms="11618" started-at="2019-10-18T05:13:42Z" finished-at="2019-10-18T05:13:54Z">
          <reporter-output>
          </reporter-output>
        </test-method> <!-- setUp -->
        <test-method status="PASS" signature="loginTest(java.lang.String, java.lang.String)[pri:3, instance:com.crm.qa.testCases.LoginPageTest@5e053d07]" name="loginTest" duration-ms="15481" started-at="2019-10-18T05:13:54Z" data-provider="getCRMTestData" finished-at="2019-10-18T05:14:09Z">
          <params>
            <param index="0">
              <value>
                <![CDATA[nagarajreballi626401]]>
              </value>
            </param>
            <param index="1">
              <value>
                <![CDATA[bluestar@57]]>
              </value>
            </param>
          </params>
          <reporter-output>
          </reporter-output>
        </test-method> <!-- loginTest -->
        <test-method status="PASS" signature="tearDown(org.testng.ITestResult)[pri:0, instance:com.crm.qa.testCases.LoginPageTest@5e053d07]" name="tearDown" is-config="true" duration-ms="802" started-at="2019-10-18T05:14:09Z" finished-at="2019-10-18T05:14:10Z">
          <params>
            <param index="0">
              <value>
                <![CDATA[[TestResult name=loginTest status=SUCCESS method=LoginPageTest.loginTest(java.lang.String, java.lang.String)[pri:3, instance:com.crm.qa.testCases.LoginPageTest@5e053d07] output={null}]]]>
              </value>
            </param>
          </params>
          <reporter-output>
          </reporter-output>
        </test-method> <!-- tearDown -->
      </class> <!-- com.crm.qa.testCases.LoginPageTest -->
    </test> <!-- Free CRM App Home Test Cases -->
  </suite> <!-- FREE CRM Application Home Test Automation Test Suite -->
</testng-results>
